2026-05-01 23:45:34,595 | INFO | genesis.dashboard | Dashboard shell listening on http://127.0.0.1:8000
2026-05-01 23:45:44,128 | INFO | genesis.dashboard | DASHBOARD HTTP | "GET / HTTP/1.1" 200 -
2026-05-01 23:46:13,762 | INFO | genesis.dashboard | DASHBOARD HTTP | "GET / HTTP/1.1" 200 -
2026-05-01 23:46:13,792 | INFO | genesis.dashboard | DASHBOARD HTTP | "GET /styles.css?v=phase67d-r1-watchlist-live HTTP/1.1" 200 -
2026-05-01 23:46:13,793 | INFO | genesis.dashboard | DASHBOARD HTTP | "GET /app.js?v=phase67d-r24-functional-iphone HTTP/1.1" 200 -
2026-05-01 23:46:13,868 | INFO | genesis.dashboard | DASHBOARD HTTP | "GET /api/dashboard/health HTTP/1.1" 200 -
2026-05-01 23:46:28,253 | INFO | genesis.dashboard | DASHBOARD HTTP | "GET /api/dashboard/market/search?q=META HTTP/1.1" 200 -
2026-05-01 23:46:28,262 | INFO | genesis.dashboard | DASHBOARD HTTP | "GET /api/dashboard/radar HTTP/1.1" 200 -
2026-05-01 23:48:11,672 | INFO | genesis.dashboard | DASHBOARD HTTP | "GET / HTTP/1.1" 200 -
2026-05-01 23:48:11,688 | INFO | genesis.dashboard | DASHBOARD HTTP | "GET /styles.css?v=phase67d-r1-watchlist-live HTTP/1.1" 200 -
2026-05-01 23:48:11,689 | INFO | genesis.dashboard | DASHBOARD HTTP | "GET /app.js?v=phase67d-r24-functional-iphone HTTP/1.1" 200 -
2026-05-01 23:48:11,738 | INFO | genesis.dashboard | DASHBOARD HTTP | "GET /api/dashboard/health HTTP/1.1" 200 -
2026-05-01 23:48:11,873 | INFO | genesis.dashboard | DASHBOARD HTTP | "GET /api/dashboard/radar HTTP/1.1" 200 -
2026-05-01 23:48:12,443 | INFO | genesis.dashboard | DASHBOARD HTTP | "GET /api/dashboard/market/search?q=META HTTP/1.1" 200 -
2026-05-01 23:48:12,501 | INFO | genesis.dashboard | DASHBOARD HTTP | "POST /api/dashboard/portfolio/watchlist/add HTTP/1.1" 200 -
2026-05-01 23:48:12,524 | INFO | genesis.dashboard | DASHBOARD HTTP | "GET /api/dashboard/radar HTTP/1.1" 200 -
2026-05-01 23:48:12,617 | INFO | genesis.dashboard | DASHBOARD HTTP | "GET /api/dashboard/radar/drilldown?ticker=META HTTP/1.1" 200 -
2026-05-01 23:48:41,883 | INFO | genesis.dashboard | DASHBOARD HTTP | "GET /api/dashboard/radar HTTP/1.1" 200 -
2026-05-01 23:49:14,165 | INFO | genesis.dashboard | DASHBOARD HTTP | "GET / HTTP/1.1" 200 -
2026-05-01 23:49:14,182 | INFO | genesis.dashboard | DASHBOARD HTTP | "GET /styles.css?v=phase67d-r1-watchlist-live HTTP/1.1" 200 -
2026-05-01 23:49:14,183 | INFO | genesis.dashboard | DASHBOARD HTTP | "GET /app.js?v=phase67d-r24-functional-iphone HTTP/1.1" 200 -
2026-05-01 23:49:14,234 | INFO | genesis.dashboard | DASHBOARD HTTP | "GET /api/dashboard/health HTTP/1.1" 200 -
2026-05-01 23:49:14,331 | INFO | genesis.dashboard | DASHBOARD HTTP | "GET /api/dashboard/radar HTTP/1.1" 200 -
2026-05-01 23:49:15,011 | INFO | genesis.dashboard | DASHBOARD HTTP | "GET /api/dashboard/market/search?q=META HTTP/1.1" 200 -
2026-05-01 23:49:15,024 | INFO | genesis.dashboard | DASHBOARD HTTP | "POST /api/dashboard/portfolio/watchlist/add HTTP/1.1" 200 -
2026-05-01 23:49:15,055 | INFO | genesis.dashboard | DASHBOARD HTTP | "GET /api/dashboard/radar HTTP/1.1" 200 -
2026-05-01 23:49:51,764 | INFO | genesis.dashboard | DASHBOARD HTTP | "GET / HTTP/1.1" 200 -
2026-05-01 23:49:51,780 | INFO | genesis.dashboard | DASHBOARD HTTP | "GET /styles.css?v=phase67d-r1-watchlist-live HTTP/1.1" 200 -
2026-05-01 23:49:51,783 | INFO | genesis.dashboard | DASHBOARD HTTP | "GET /app.js?v=phase67d-r24-functional-iphone HTTP/1.1" 200 -
2026-05-01 23:49:51,813 | INFO | genesis.dashboard | DASHBOARD HTTP | "GET /api/dashboard/health HTTP/1.1" 200 -
2026-05-01 23:49:51,950 | INFO | genesis.dashboard | DASHBOARD HTTP | "GET /api/dashboard/radar HTTP/1.1" 200 -
2026-05-01 23:49:52,685 | INFO | genesis.dashboard | DASHBOARD HTTP | "GET /api/dashboard/market/search?q=META HTTP/1.1" 200 -
2026-05-01 23:49:52,724 | INFO | genesis.dashboard | DASHBOARD HTTP | "POST /api/dashboard/portfolio/watchlist/add HTTP/1.1" 200 -
2026-05-01 23:49:52,761 | INFO | genesis.dashboard | DASHBOARD HTTP | "GET /api/dashboard/radar HTTP/1.1" 200 -
2026-05-01 23:49:52,827 | INFO | genesis.dashboard | DASHBOARD HTTP | "GET /api/dashboard/radar/drilldown?ticker=META HTTP/1.1" 200 -
2026-05-01 23:49:53,071 | INFO | genesis.dashboard | DASHBOARD HTTP | "POST /api/dashboard/portfolio/watchlist/remove HTTP/1.1" 200 -
2026-05-01 23:49:53,104 | INFO | genesis.dashboard | DASHBOARD HTTP | "GET /api/dashboard/radar HTTP/1.1" 200 -
2026-05-01 23:49:53,237 | INFO | genesis.dashboard | DASHBOARD HTTP | "GET /api/dashboard/market/search?q=META HTTP/1.1" 200 -
2026-05-01 23:49:53,252 | INFO | genesis.dashboard | DASHBOARD HTTP | "POST /api/dashboard/portfolio/watchlist/add HTTP/1.1" 200 -
2026-05-01 23:49:53,284 | INFO | genesis.dashboard | DASHBOARD HTTP | "GET /api/dashboard/radar HTTP/1.1" 200 -
2026-05-01 23:49:53,358 | INFO | genesis.dashboard | DASHBOARD HTTP | "GET /api/dashboard/radar/drilldown?ticker=META HTTP/1.1" 200 -
2026-05-01 23:49:53,494 | INFO | genesis.dashboard | DASHBOARD HTTP | "POST /api/dashboard/portfolio/paper-buy HTTP/1.1" 200 -
2026-05-01 23:49:53,517 | INFO | genesis.dashboard | DASHBOARD HTTP | "GET /api/dashboard/radar HTTP/1.1" 200 -
2026-05-01 23:49:53,572 | INFO | genesis.dashboard | DASHBOARD HTTP | "GET /api/dashboard/radar/drilldown?ticker=META HTTP/1.1" 200 -
2026-05-01 23:49:53,637 | INFO | genesis.dashboard | DASHBOARD HTTP | "POST /api/dashboard/portfolio/paper-remove HTTP/1.1" 200 -
2026-05-01 23:49:53,669 | INFO | genesis.dashboard | DASHBOARD HTTP | "GET /api/dashboard/radar HTTP/1.1" 200 -
2026-05-01 23:49:53,753 | INFO | genesis.dashboard | DASHBOARD HTTP | "GET /api/dashboard/alerts HTTP/1.1" 200 -
2026-05-01 23:50:17,181 | INFO | genesis.dashboard | DASHBOARD HTTP | "GET / HTTP/1.1" 200 -
2026-05-01 23:50:17,198 | INFO | genesis.dashboard | DASHBOARD HTTP | "GET /styles.css?v=phase67d-r1-watchlist-live HTTP/1.1" 200 -
2026-05-01 23:50:17,200 | INFO | genesis.dashboard | DASHBOARD HTTP | "GET /app.js?v=phase67d-r24-functional-iphone HTTP/1.1" 200 -
2026-05-01 23:50:17,252 | INFO | genesis.dashboard | DASHBOARD HTTP | "GET /api/dashboard/health HTTP/1.1" 200 -
2026-05-01 23:50:17,351 | INFO | genesis.dashboard | DASHBOARD HTTP | "GET /api/dashboard/radar HTTP/1.1" 200 -
